CRITICAL - 2024-10-01 15:01:18 --> ErrorException: Type of Config\Filters::$aliases must be array (as in class CodeIgniter\Config\Filters)
[Method: GET, Route: signup]
in APPPATH\Config\Filters.php on line 16.
 1 [internal function]: CodeIgniter\Debug\Exceptions->shutdownHandler()
CRITICAL - 2024-10-01 15:01:26 --> ErrorException: Type of Config\Filters::$aliases must be array (as in class CodeIgniter\Config\Filters)
[Method: GET, Route: signup]
in APPPATH\Config\Filters.php on line 16.
 1 [internal function]: CodeIgniter\Debug\Exceptions->shutdownHandler()
CRITICAL - 2024-10-01 15:01:27 --> ErrorException: Type of Config\Filters::$aliases must be array (as in class CodeIgniter\Config\Filters)
[Method: GET, Route: signup]
in APPPATH\Config\Filters.php on line 16.
 1 [internal function]: CodeIgniter\Debug\Exceptions->shutdownHandler()
CRITICAL - 2024-10-01 15:01:29 --> ErrorException: Type of Config\Filters::$aliases must be array (as in class CodeIgniter\Config\Filters)
[Method: GET, Route: signup]
in APPPATH\Config\Filters.php on line 16.
 1 [internal function]: CodeIgniter\Debug\Exceptions->shutdownHandler()
CRITICAL - 2024-10-01 15:07:58 --> ErrorException: Type of Config\Filters::$aliases must be array (as in class CodeIgniter\Config\Filters)
[Method: GET, Route: signup]
in APPPATH\Config\Filters.php on line 16.
 1 [internal function]: CodeIgniter\Debug\Exceptions->shutdownHandler()
CRITICAL - 2024-10-01 15:07:58 --> ErrorException: Type of Config\Filters::$aliases must be array (as in class CodeIgniter\Config\Filters)
[Method: GET, Route: signup]
in APPPATH\Config\Filters.php on line 16.
 1 [internal function]: CodeIgniter\Debug\Exceptions->shutdownHandler()
CRITICAL - 2024-10-01 15:07:59 --> ErrorException: Type of Config\Filters::$aliases must be array (as in class CodeIgniter\Config\Filters)
[Method: GET, Route: signup]
in APPPATH\Config\Filters.php on line 16.
 1 [internal function]: CodeIgniter\Debug\Exceptions->shutdownHandler()
CRITICAL - 2024-10-01 15:08:00 --> ErrorException: Type of Config\Filters::$aliases must be array (as in class CodeIgniter\Config\Filters)
[Method: GET, Route: signup]
in APPPATH\Config\Filters.php on line 16.
 1 [internal function]: CodeIgniter\Debug\Exceptions->shutdownHandler()
CRITICAL - 2024-10-01 15:08:00 --> ErrorException: Type of Config\Filters::$aliases must be array (as in class CodeIgniter\Config\Filters)
[Method: GET, Route: signup]
in APPPATH\Config\Filters.php on line 16.
 1 [internal function]: CodeIgniter\Debug\Exceptions->shutdownHandler()
CRITICAL - 2024-10-01 15:12:47 --> Error: Class "CodeIgniter\Filters\BaseFilters" not found
[Method: GET, Route: /]
in APPPATH\Config\Filters.php on line 16.
 1 SYSTEMPATH\Autoloader\Autoloader.php(317): include_once()
 2 SYSTEMPATH\Autoloader\Autoloader.php(296): CodeIgniter\Autoloader\Autoloader->includeFile('C:\\xampp\\htdocs\\auth\\app\\Config\\Filters.php')
 3 SYSTEMPATH\Autoloader\Autoloader.php(272): CodeIgniter\Autoloader\Autoloader->loadInNamespace('Config\\Filters')
 4 [internal function]: CodeIgniter\Autoloader\Autoloader->loadClass('Config\\Filters')
 5 SYSTEMPATH\Config\Factories.php(297): class_exists('Config\\Filters')
 6 SYSTEMPATH\Config\Factories.php(216): CodeIgniter\Config\Factories::locateClass([...], 'Config\\Filters')
 7 SYSTEMPATH\Config\Factories.php(159): CodeIgniter\Config\Factories::getDefinedInstance([...], 'Config\\Filters', [])
 8 SYSTEMPATH\Config\Factories.php(188): CodeIgniter\Config\Factories::__callStatic('config', [])
 9 SYSTEMPATH\Common.php(208): CodeIgniter\Config\Factories::get('config', 'Config\\Filters')
10 SYSTEMPATH\Config\Services.php(295): config('Config\\Filters')
11 SYSTEMPATH\Config\BaseService.php(312): CodeIgniter\Config\Services::filters(null, false)
12 SYSTEMPATH\Config\BaseService.php(251): CodeIgniter\Config\BaseService::__callStatic('filters', [...])
13 SYSTEMPATH\Config\Services.php(292): CodeIgniter\Config\BaseService::getSharedInstance('filters', null)
14 SYSTEMPATH\Config\BaseService.php(321): CodeIgniter\Config\Services::filters()
15 SYSTEMPATH\CodeIgniter.php(346): CodeIgniter\Config\BaseService::__callStatic('filters', [])
16 SYSTEMPATH\Boot.php(325): CodeIgniter\CodeIgniter->run()
17 SYSTEMPATH\Boot.php(67): CodeIgniter\Boot::runCodeIgniter(Object(CodeIgniter\CodeIgniter))
18 FCPATH\index.php(56): CodeIgniter\Boot::bootWeb(Object(Config\Paths))
19 SYSTEMPATH\rewrite.php(44): require_once('C:\\xampp\\htdocs\\auth\\public\\index.php')
CRITICAL - 2024-10-01 15:12:54 --> Error: Class "CodeIgniter\Filters\BaseFilters" not found
[Method: GET, Route: /]
in APPPATH\Config\Filters.php on line 16.
 1 SYSTEMPATH\Autoloader\Autoloader.php(317): include_once()
 2 SYSTEMPATH\Autoloader\Autoloader.php(296): CodeIgniter\Autoloader\Autoloader->includeFile('C:\\xampp\\htdocs\\auth\\app\\Config\\Filters.php')
 3 SYSTEMPATH\Autoloader\Autoloader.php(272): CodeIgniter\Autoloader\Autoloader->loadInNamespace('Config\\Filters')
 4 [internal function]: CodeIgniter\Autoloader\Autoloader->loadClass('Config\\Filters')
 5 SYSTEMPATH\Config\Factories.php(297): class_exists('Config\\Filters')
 6 SYSTEMPATH\Config\Factories.php(216): CodeIgniter\Config\Factories::locateClass([...], 'Config\\Filters')
 7 SYSTEMPATH\Config\Factories.php(159): CodeIgniter\Config\Factories::getDefinedInstance([...], 'Config\\Filters', [])
 8 SYSTEMPATH\Config\Factories.php(188): CodeIgniter\Config\Factories::__callStatic('config', [])
 9 SYSTEMPATH\Common.php(208): CodeIgniter\Config\Factories::get('config', 'Config\\Filters')
10 SYSTEMPATH\Config\Services.php(295): config('Config\\Filters')
11 SYSTEMPATH\Config\BaseService.php(312): CodeIgniter\Config\Services::filters(null, false)
12 SYSTEMPATH\Config\BaseService.php(251): CodeIgniter\Config\BaseService::__callStatic('filters', [...])
13 SYSTEMPATH\Config\Services.php(292): CodeIgniter\Config\BaseService::getSharedInstance('filters', null)
14 SYSTEMPATH\Config\BaseService.php(321): CodeIgniter\Config\Services::filters()
15 SYSTEMPATH\CodeIgniter.php(346): CodeIgniter\Config\BaseService::__callStatic('filters', [])
16 SYSTEMPATH\Boot.php(325): CodeIgniter\CodeIgniter->run()
17 SYSTEMPATH\Boot.php(67): CodeIgniter\Boot::runCodeIgniter(Object(CodeIgniter\CodeIgniter))
18 FCPATH\index.php(56): CodeIgniter\Boot::bootWeb(Object(Config\Paths))
19 SYSTEMPATH\rewrite.php(44): require_once('C:\\xampp\\htdocs\\auth\\public\\index.php')
CRITICAL - 2024-10-01 15:26:55 --> ErrorException: Type of Config\Filters::$aliases must be array (as in class CodeIgniter\Config\Filters)
[Method: GET, Route: /]
in APPPATH\Config\Filters.php on line 10.
 1 [internal function]: CodeIgniter\Debug\Exceptions->shutdownHandler()
CRITICAL - 2024-10-01 15:26:56 --> ErrorException: Type of Config\Filters::$aliases must be array (as in class CodeIgniter\Config\Filters)
[Method: GET, Route: /]
in APPPATH\Config\Filters.php on line 10.
 1 [internal function]: CodeIgniter\Debug\Exceptions->shutdownHandler()
CRITICAL - 2024-10-01 15:26:56 --> ErrorException: Type of Config\Filters::$aliases must be array (as in class CodeIgniter\Config\Filters)
[Method: GET, Route: /]
in APPPATH\Config\Filters.php on line 10.
 1 [internal function]: CodeIgniter\Debug\Exceptions->shutdownHandler()
CRITICAL - 2024-10-01 15:26:56 --> ErrorException: Type of Config\Filters::$aliases must be array (as in class CodeIgniter\Config\Filters)
[Method: GET, Route: /]
in APPPATH\Config\Filters.php on line 10.
 1 [internal function]: CodeIgniter\Debug\Exceptions->shutdownHandler()
CRITICAL - 2024-10-01 15:28:16 --> ErrorException: Type of Config\Filters::$globals must be array (as in class CodeIgniter\Config\Filters)
[Method: GET, Route: /]
in APPPATH\Config\Filters.php on line 10.
 1 [internal function]: CodeIgniter\Debug\Exceptions->shutdownHandler()
CRITICAL - 2024-10-01 15:47:29 --> ErrorException: Undefined variable $session
[Method: GET, Route: dashboard]
in APPPATH\Views\dashboard.php on line 64.
 1 APPPATH\Views\dashboard.php(64): CodeIgniter\Debug\Exceptions->errorHandler(2, 'Undefined variable $session', 'C:\\xampp\\htdocs\\MVC-Auth\\app\\Views\\dashboard.php', 64)
 2 SYSTEMPATH\View\View.php(234): include('C:\\xampp\\htdocs\\MVC-Auth\\app\\Views\\dashboard.php')
 3 SYSTEMPATH\View\View.php(237): CodeIgniter\View\View->CodeIgniter\View\{closure}()
 4 SYSTEMPATH\Common.php(1171): CodeIgniter\View\View->render('dashboard', [], true)
 5 APPPATH\Controllers\Dashboard.php(13): view('dashboard')
 6 SYSTEMPATH\CodeIgniter.php(933): App\Controllers\Dashboard->index()
 7 SYSTEMPATH\CodeIgniter.php(509): CodeIgniter\CodeIgniter->runController(Object(App\Controllers\Dashboard))
 8 SYSTEMPATH\CodeIgniter.php(355): CodeIgniter\CodeIgniter->handleRequest(null, Object(Config\Cache), false)
 9 SYSTEMPATH\Boot.php(325): CodeIgniter\CodeIgniter->run()
10 SYSTEMPATH\Boot.php(67): CodeIgniter\Boot::runCodeIgniter(Object(CodeIgniter\CodeIgniter))
11 FCPATH\index.php(56): CodeIgniter\Boot::bootWeb(Object(Config\Paths))
12 SYSTEMPATH\rewrite.php(44): require_once('C:\\xampp\\htdocs\\MVC-Auth\\public\\index.php')
CRITICAL - 2024-10-01 15:51:54 --> ErrorException: session_start(): Ignoring session_start() because a session is already active
[Method: GET, Route: dashboard]
in APPPATH\Views\dashboard.php on line 3.
 1 [internal function]: CodeIgniter\Debug\Exceptions->errorHandler(8, 'session_start(): Ignoring session_start() because a session is already active', 'C:\\xampp\\htdocs\\MVC-Auth\\app\\Views\\dashboard.php', 3)
 2 APPPATH\Views\dashboard.php(3): session_start()
 3 SYSTEMPATH\View\View.php(234): include('C:\\xampp\\htdocs\\MVC-Auth\\app\\Views\\dashboard.php')
 4 SYSTEMPATH\View\View.php(237): CodeIgniter\View\View->CodeIgniter\View\{closure}()
 5 SYSTEMPATH\Common.php(1171): CodeIgniter\View\View->render('dashboard', [], true)
 6 APPPATH\Controllers\Dashboard.php(13): view('dashboard')
 7 SYSTEMPATH\CodeIgniter.php(933): App\Controllers\Dashboard->index()
 8 SYSTEMPATH\CodeIgniter.php(509): CodeIgniter\CodeIgniter->runController(Object(App\Controllers\Dashboard))
 9 SYSTEMPATH\CodeIgniter.php(355): CodeIgniter\CodeIgniter->handleRequest(null, Object(Config\Cache), false)
10 SYSTEMPATH\Boot.php(325): CodeIgniter\CodeIgniter->run()
11 SYSTEMPATH\Boot.php(67): CodeIgniter\Boot::runCodeIgniter(Object(CodeIgniter\CodeIgniter))
12 FCPATH\index.php(56): CodeIgniter\Boot::bootWeb(Object(Config\Paths))
13 SYSTEMPATH\rewrite.php(44): require_once('C:\\xampp\\htdocs\\MVC-Auth\\public\\index.php')
